2024-12-09 15:54:50 [main] INFO  com.example.RealTimeTicketing.RealTimeTicketingApplication - Starting RealTimeTicketingApplication using Java 21.0.2 with PID 46820 (/Users/chanirumannapperuma/Downloads/RealTimeTicketing_Backend-main/target/classes started by chanirumannapperuma in /Users/chanirumannapperuma/Downloads/RealTimeTicketing_Backend-main)
2024-12-09 15:54:50 [main] INFO  com.example.RealTimeTicketing.RealTimeTicketingApplication - No active profile set, falling back to 1 default profile: "default"
2024-12-09 15:54:51 [main] INFO  org.springframework.data.repository.config.RepositoryConfigurationDelegate - Bootstrapping Spring Data MongoDB repositories in DEFAULT mode.
2024-12-09 15:54:51 [main] INFO  org.springframework.data.repository.config.RepositoryConfigurationDelegate - Finished Spring Data repository scanning in 23 ms. Found 3 MongoDB repository interfaces.
2024-12-09 15:54:51 [main] INFO  org.springframework.boot.web.embedded.tomcat.TomcatWebServer - Tomcat initialized with port 8083 (http)
2024-12-09 15:54:51 [main] INFO  org.apache.coyote.http11.Http11NioProtocol - Initializing ProtocolHandler ["http-nio-8083"]
2024-12-09 15:54:51 [main] INFO  org.apache.catalina.core.StandardService - Starting service [Tomcat]
2024-12-09 15:54:51 [main] INFO  org.apache.catalina.core.StandardEngine - Starting Servlet engine: [Apache Tomcat/10.1.33]
2024-12-09 15:54:51 [main] INFO  org.apache.catalina.core.ContainerBase.[Tomcat].[localhost].[/] - Initializing Spring embedded WebApplicationContext
2024-12-09 15:54:51 [main] INFO  org.springframework.boot.web.servlet.context.ServletWebServerApplicationContext - Root WebApplicationContext: initialization completed in 481 ms
2024-12-09 15:54:51 [main] INFO  org.mongodb.driver.client - MongoClient with metadata {"driver": {"name": "mongo-java-driver|sync|spring-boot", "version": "5.2.1"}, "os": {"type": "Darwin", "name": "Mac OS X", "architecture": "aarch64", "version": "15.0.1"}, "platform": "Java/Oracle Corporation/21.0.2+13-LTS-58"} created with settings MongoClientSettings{readPreference=primary, writeConcern=WriteConcern{w=null, wTimeout=null ms, journal=null}, retryWrites=true, retryReads=true, readConcern=ReadConcern{level=null}, credential=null, transportSettings=null, commandListeners=[], codecRegistry=ProvidersCodecRegistry{codecProviders=[ValueCodecProvider{}, BsonValueCodecProvider{}, DBRefCodecProvider{}, DBObjectCodecProvider{}, DocumentCodecProvider{}, CollectionCodecProvider{}, IterableCodecProvider{}, MapCodecProvider{}, GeoJsonCodecProvider{}, GridFSFileCodecProvider{}, Jsr310CodecProvider{}, JsonObjectCodecProvider{}, BsonCodecProvider{}, EnumCodecProvider{}, com.mongodb.client.model.mql.ExpressionCodecProvider@cbd40c1, com.mongodb.Jep395RecordCodecProvider@4fa86cb8, com.mongodb.KotlinCodecProvider@54c60202]}, loggerSettings=LoggerSettings{maxDocumentLength=1000}, clusterSettings={hosts=[localhost:27017], srvServiceName=mongodb, mode=SINGLE, requiredClusterType=UNKNOWN, requiredReplicaSetName='null', serverSelector='null', clusterListeners='[]', serverSelectionTimeout='30000 ms', localThreshold='15 ms'}, socketSettings=SocketSettings{connectTimeoutMS=10000, readTimeoutMS=0, receiveBufferSize=0, proxySettings=ProxySettings{host=null, port=null, username=null, password=null}}, heartbeatSocketSettings=SocketSettings{connectTimeoutMS=10000, readTimeoutMS=10000, receiveBufferSize=0, proxySettings=ProxySettings{host=null, port=null, username=null, password=null}}, connectionPoolSettings=ConnectionPoolSettings{maxSize=100, minSize=0, maxWaitTimeMS=120000, maxConnectionLifeTimeMS=0, maxConnectionIdleTimeMS=0, maintenanceInitialDelayMS=0, maintenanceFrequencyMS=60000, connectionPoolListeners=[], maxConnecting=2}, serverSettings=ServerSettings{heartbeatFrequencyMS=10000, minHeartbeatFrequencyMS=500, serverMonitoringMode=AUTO, serverListeners='[]', serverMonitorListeners='[]'}, sslSettings=SslSettings{enabled=false, invalidHostNameAllowed=false, context=null}, applicationName='null', compressorList=[], uuidRepresentation=JAVA_LEGACY, serverApi=null, autoEncryptionSettings=null, dnsClient=null, inetAddressResolver=null, contextProvider=null, timeoutMS=null}
2024-12-09 15:54:51 [cluster-ClusterId{value='6756c573894dae4ebe85bae6', description='null'}-localhost:27017] INFO  org.mongodb.driver.cluster - Monitor thread successfully connected to server with description ServerDescription{address=localhost:27017, type=STANDALONE, cryptd=false, state=CONNECTED, ok=true, minWireVersion=0, maxWireVersion=25, maxDocumentSize=16777216, logicalSessionTimeoutMinutes=30, roundTripTimeNanos=7589959, minRoundTripTimeNanos=0}
2024-12-09 15:54:51 [main] INFO  org.apache.coyote.http11.Http11NioProtocol - Starting ProtocolHandler ["http-nio-8083"]
2024-12-09 15:54:51 [main] INFO  org.springframework.boot.web.embedded.tomcat.TomcatWebServer - Tomcat started on port 8083 (http) with context path '/'
2024-12-09 15:54:51 [main] INFO  com.example.RealTimeTicketing.RealTimeTicketingApplication - Started RealTimeTicketingApplication in 1.108 seconds (process running for 1.544)
2024-12-09 15:54:51 [main] INFO  com.example.RealTimeTicketing.service.TicketPoolService - This is a test log message.
2024-12-09 15:55:42 [http-nio-8083-exec-1] INFO  org.apache.catalina.core.ContainerBase.[Tomcat].[localhost].[/] - Initializing Spring DispatcherServlet 'dispatcherServlet'
2024-12-09 15:55:42 [http-nio-8083-exec-1] INFO  org.springframework.web.servlet.DispatcherServlet - Initializing Servlet 'dispatcherServlet'
2024-12-09 15:55:42 [http-nio-8083-exec-1] INFO  org.springframework.web.servlet.DispatcherServlet - Completed initialization in 1 ms
2024-12-09 15:57:47 [CustomerThread-1] INFO  com.example.RealTimeTicketing.service.TicketPoolService - CustomerThread-1 waiting for tickets to be added...
2024-12-09 15:57:47 [VendorThread-3] INFO  com.example.RealTimeTicketing.service.TicketPoolService - Vendor vendor3 added Ticket-1
2024-12-09 15:57:47 [VendorThread-2] INFO  com.example.RealTimeTicketing.service.TicketPoolService - Vendor vendor2 added Ticket-2
2024-12-09 15:57:47 [VendorThread-1] INFO  com.example.RealTimeTicketing.service.TicketPoolService - Vendor vendor1 added Ticket-3
2024-12-09 15:57:52 [VendorThread-3] INFO  com.example.RealTimeTicketing.service.TicketPoolService - Vendor vendor3 added Ticket-4
2024-12-09 15:57:52 [VendorThread-1] INFO  com.example.RealTimeTicketing.service.TicketPoolService - Vendor vendor1 added Ticket-5
2024-12-09 15:57:52 [VendorThread-2] INFO  com.example.RealTimeTicketing.service.TicketPoolService - Vendor vendor2 added Ticket-6
2024-12-09 15:57:57 [VendorThread-3] INFO  com.example.RealTimeTicketing.service.TicketPoolService - Vendor vendor3 added Ticket-7
2024-12-09 15:57:57 [VendorThread-1] INFO  com.example.RealTimeTicketing.service.TicketPoolService - Vendor vendor1 added Ticket-8
2024-12-09 15:57:57 [VendorThread-2] INFO  com.example.RealTimeTicketing.service.TicketPoolService - Vendor vendor2 added Ticket-9
2024-12-09 15:58:02 [VendorThread-3] INFO  com.example.RealTimeTicketing.service.TicketPoolService - Vendor vendor3 added Ticket-10
2024-12-09 15:58:02 [VendorThread-1] INFO  com.example.RealTimeTicketing.service.TicketPoolService - Vendor vendor1 added Ticket-11
2024-12-09 15:58:02 [VendorThread-2] INFO  com.example.RealTimeTicketing.service.TicketPoolService - Vendor vendor2 added Ticket-12
2024-12-09 15:58:07 [VendorThread-1] INFO  com.example.RealTimeTicketing.service.TicketPoolService - Vendor vendor1 added Ticket-13
2024-12-09 15:58:07 [VendorThread-2] INFO  com.example.RealTimeTicketing.service.TicketPoolService - Vendor vendor2 added Ticket-15
2024-12-09 15:58:07 [VendorThread-3] INFO  com.example.RealTimeTicketing.service.TicketPoolService - Vendor vendor3 added Ticket-14
2024-12-09 15:58:12 [VendorThread-2] INFO  com.example.RealTimeTicketing.service.TicketPoolService - Vendor vendor2 added Ticket-17
2024-12-09 15:58:12 [VendorThread-3] INFO  com.example.RealTimeTicketing.service.TicketPoolService - Vendor vendor3 added Ticket-18
2024-12-09 15:58:17 [VendorThread-2] INFO  com.example.RealTimeTicketing.service.TicketPoolService - Vendor vendor2 added Ticket-19
2024-12-09 15:58:17 [VendorThread-1] INFO  com.example.RealTimeTicketing.service.TicketPoolService - Vendor vendor1 added Ticket-16
2024-12-09 16:18:46 [SpringApplicationShutdownHook] INFO  org.springframework.boot.web.embedded.tomcat.GracefulShutdown - Commencing graceful shutdown. Waiting for active requests to complete
2024-12-09 16:18:46 [tomcat-shutdown] INFO  org.springframework.boot.web.embedded.tomcat.GracefulShutdown - Graceful shutdown complete
